2024-10-16 19:22:39,659 INFO o.a.j.u.JMeterUtils: Setting Locale to en_EN
2024-10-16 19:22:39,681 INFO o.a.j.JMeter: Loading user properties from: D:\Software\JMeter\apache-jmeter-5.6.3\bin\user.properties
2024-10-16 19:22:39,682 INFO o.a.j.JMeter: Loading system properties from: D:\Software\JMeter\apache-jmeter-5.6.3\bin\system.properties
2024-10-16 19:22:39,692 INFO o.a.j.JMeter: Copyright (c) 1998-2024 The Apache Software Foundation
2024-10-16 19:22:39,692 INFO o.a.j.JMeter: Version 5.6.3
2024-10-16 19:22:39,692 INFO o.a.j.JMeter: java.version=18.0.2
2024-10-16 19:22:39,692 INFO o.a.j.JMeter: java.vm.name=Java HotSpot(TM) 64-Bit Server VM
2024-10-16 19:22:39,692 INFO o.a.j.JMeter: os.name=Windows 11
2024-10-16 19:22:39,692 INFO o.a.j.JMeter: os.arch=amd64
2024-10-16 19:22:39,694 INFO o.a.j.JMeter: os.version=10.0
2024-10-16 19:22:39,694 INFO o.a.j.JMeter: file.encoding=UTF-8
2024-10-16 19:22:39,695 INFO o.a.j.JMeter: java.awt.headless=true
2024-10-16 19:22:39,695 INFO o.a.j.JMeter: Max memory     =1073741824
2024-10-16 19:22:39,695 INFO o.a.j.JMeter: Available Processors =8
2024-10-16 19:22:39,703 INFO o.a.j.JMeter: Default Locale=English (EN)
2024-10-16 19:22:39,703 INFO o.a.j.JMeter: JMeter  Locale=English (EN)
2024-10-16 19:22:39,703 INFO o.a.j.JMeter: JMeterHome=D:\Software\JMeter\apache-jmeter-5.6.3
2024-10-16 19:22:39,704 INFO o.a.j.JMeter: user.dir  =D:\Software\JMeter\apache-jmeter-5.6.3\bin\command lines
2024-10-16 19:22:39,704 INFO o.a.j.JMeter: PWD       =D:\Software\JMeter\apache-jmeter-5.6.3\bin\command lines
2024-10-16 19:22:39,711 INFO o.a.j.JMeter: IP: 172.20.224.1 Name: NIAZLAP FullName: NIAZLAP.mshome.net
2024-10-16 19:22:39,722 INFO o.a.j.JMeter: Setting property 'jmeter.reportgenerator.outputdir' to:'D:\Software\JMeter\apache-jmeter-5.6.3\bin\command lines\Reports'
2024-10-16 19:22:39,725 INFO o.a.j.s.FileServer: Default base='D:\Software\JMeter\apache-jmeter-5.6.3\bin\command lines'
2024-10-16 19:22:39,726 INFO o.a.j.s.FileServer: Set new base='D:\Software\JMeter\apache-jmeter-5.6.3\bin\command lines'
2024-10-16 19:22:39,946 INFO o.a.j.s.SaveService: Testplan (JMX) version: 2.2. Testlog (JTL) version: 2.2
2024-10-16 19:22:39,970 INFO o.a.j.s.SaveService: Using SaveService properties version 5.0
2024-10-16 19:22:39,973 INFO o.a.j.s.SaveService: Using SaveService properties file encoding UTF-8
2024-10-16 19:22:39,976 INFO o.a.j.s.SaveService: Loading file: AutomationScript.jmx
2024-10-16 19:22:40,023 INFO o.a.j.p.h.c.CookieManager: Settings: Delete null: true Check: true Allow variable: true Save: false Prefix: COOKIE_
2024-10-16 19:22:40,058 INFO o.a.j.p.h.s.HTTPSamplerBase: Parser for text/html is org.apache.jmeter.protocol.http.parser.LagartoBasedHtmlParser
2024-10-16 19:22:40,058 INFO o.a.j.p.h.s.HTTPSamplerBase: Parser for application/xhtml+xml is org.apache.jmeter.protocol.http.parser.LagartoBasedHtmlParser
2024-10-16 19:22:40,058 INFO o.a.j.p.h.s.HTTPSamplerBase: Parser for application/xml is org.apache.jmeter.protocol.http.parser.LagartoBasedHtmlParser
2024-10-16 19:22:40,058 INFO o.a.j.p.h.s.HTTPSamplerBase: Parser for text/xml is org.apache.jmeter.protocol.http.parser.LagartoBasedHtmlParser
2024-10-16 19:22:40,058 INFO o.a.j.p.h.s.HTTPSamplerBase: Parser for text/vnd.wap.wml is org.apache.jmeter.protocol.http.parser.RegexpHTMLParser
2024-10-16 19:22:40,058 INFO o.a.j.p.h.s.HTTPSamplerBase: Parser for text/css is org.apache.jmeter.protocol.http.parser.CssParser
2024-10-16 19:22:40,114 INFO o.a.j.p.h.c.CacheManager: Will only cache the following methods: [GET]
2024-10-16 19:22:40,129 INFO o.a.j.JMeter: Creating summariser <summary>
2024-10-16 19:22:40,136 INFO o.a.j.r.d.ReportGenerator: ReportGenerator will use for Parsing the separator: ','
2024-10-16 19:22:40,137 INFO o.a.j.r.d.ReportGenerator: Will generate report at end of test from  results file: AutomationScript.jtl
2024-10-16 19:22:40,137 INFO o.a.j.r.d.ReportGenerator: Reading report generator properties from: D:\Software\JMeter\apache-jmeter-5.6.3\bin\reportgenerator.properties
2024-10-16 19:22:40,137 INFO o.a.j.r.d.ReportGenerator: Merging with JMeter properties
2024-10-16 19:22:40,142 INFO o.a.j.r.c.ReportGeneratorConfiguration: Property 'jmeter.reportgenerator.temp_dir' not found, using default value 'temp' instead.
2024-10-16 19:22:40,144 INFO o.a.j.r.c.ReportGeneratorConfiguration: Property 'jmeter.reportgenerator.apdex_per_transaction' not found, using default value 'null' instead.
2024-10-16 19:22:40,144 INFO o.a.j.r.c.ReportGeneratorConfiguration: apdex_per_transaction is empty, not APDEX per transaction customization
2024-10-16 19:22:40,144 INFO o.a.j.r.c.ReportGeneratorConfiguration: Property 'jmeter.reportgenerator.sample_filter' not found, using default value 'null' instead.
2024-10-16 19:22:40,144 INFO o.a.j.r.c.ReportGeneratorConfiguration: Property 'jmeter.reportgenerator.report_title' not found, using default value 'null' instead.
2024-10-16 19:22:40,144 INFO o.a.j.r.c.ReportGeneratorConfiguration: Property 'jmeter.reportgenerator.start_date' not found, using default value 'null' instead.
2024-10-16 19:22:40,146 INFO o.a.j.r.c.ReportGeneratorConfiguration: Property 'jmeter.reportgenerator.end_date' not found, using default value 'null' instead.
2024-10-16 19:22:40,146 INFO o.a.j.r.c.ReportGeneratorConfiguration: Property 'jmeter.reportgenerator.date_format' not found, using default value 'null' instead.
2024-10-16 19:22:40,146 INFO o.a.j.r.c.ReportGeneratorConfiguration: Will use date range start date: null, end date: null
2024-10-16 19:22:40,149 INFO o.a.j.r.c.ReportGeneratorConfiguration: Property 'jmeter.reportgenerator.graph.totalTPS.exclude_controllers' not found, using default value 'false' instead.
2024-10-16 19:22:40,149 INFO o.a.j.r.c.ReportGeneratorConfiguration: Property 'jmeter.reportgenerator.graph.activeThreadsOverTime.exclude_controllers' not found, using default value 'false' instead.
2024-10-16 19:22:40,150 INFO o.a.j.r.c.ReportGeneratorConfiguration: Property 'jmeter.reportgenerator.graph.timeVsThreads.exclude_controllers' not found, using default value 'false' instead.
2024-10-16 19:22:40,150 INFO o.a.j.r.c.ReportGeneratorConfiguration: Property 'jmeter.reportgenerator.graph.responseTimeDistribution.exclude_controllers' not found, using default value 'false' instead.
2024-10-16 19:22:40,150 INFO o.a.j.r.c.ReportGeneratorConfiguration: Property 'jmeter.reportgenerator.graph.transactionsPerSecond.exclude_controllers' not found, using default value 'false' instead.
2024-10-16 19:22:40,150 INFO o.a.j.r.c.ReportGeneratorConfiguration: Property 'jmeter.reportgenerator.graph.responseTimePercentiles.exclude_controllers' not found, using default value 'false' instead.
2024-10-16 19:22:40,150 INFO o.a.j.r.c.ReportGeneratorConfiguration: Property 'jmeter.reportgenerator.graph.responseTimePercentilesOverTime.exclude_controllers' not found, using default value 'false' instead.
2024-10-16 19:22:40,150 INFO o.a.j.r.c.ReportGeneratorConfiguration: Property 'jmeter.reportgenerator.graph.responseTimesOverTime.exclude_controllers' not found, using default value 'false' instead.
2024-10-16 19:22:40,150 INFO o.a.j.r.c.ReportGeneratorConfiguration: Property 'jmeter.reportgenerator.graph.connectTimeOverTime.exclude_controllers' not found, using default value 'false' instead.
2024-10-16 19:22:40,150 INFO o.a.j.r.c.ReportGeneratorConfiguration: Property 'jmeter.reportgenerator.graph.latenciesOverTime.exclude_controllers' not found, using default value 'false' instead.
2024-10-16 19:22:40,152 INFO o.a.j.r.c.ReportGeneratorConfiguration: Property 'jmeter.reportgenerator.exporter.json.filters_only_sample_series' not found, using default value 'true' instead.
2024-10-16 19:22:40,152 INFO o.a.j.r.c.ReportGeneratorConfiguration: Property 'jmeter.reportgenerator.exporter.json.series_filter' not found, using default value '' instead.
2024-10-16 19:22:40,152 INFO o.a.j.r.c.ReportGeneratorConfiguration: Property 'jmeter.reportgenerator.exporter.json.show_controllers_only' not found, using default value 'false' instead.
2024-10-16 19:22:40,152 INFO o.a.j.r.c.ReportGeneratorConfiguration: Property 'jmeter.reportgenerator.exporter.html.filters_only_sample_series' not found, using default value 'true' instead.
2024-10-16 19:22:40,152 INFO o.a.j.r.c.ReportGeneratorConfiguration: Property 'jmeter.reportgenerator.exporter.html.series_filter' not found, using default value '' instead.
2024-10-16 19:22:40,152 INFO o.a.j.r.c.ReportGeneratorConfiguration: Property 'jmeter.reportgenerator.exporter.html.show_controllers_only' not found, using default value 'false' instead.
2024-10-16 19:22:40,164 INFO o.a.j.e.StandardJMeterEngine: Running the test!
2024-10-16 19:22:40,164 INFO o.a.j.s.SampleEvent: List of sample_variables: []
2024-10-16 19:22:40,165 INFO o.a.j.s.SampleEvent: List of sample_variables: []
2024-10-16 19:22:40,170 INFO o.a.j.e.u.CompoundVariable: Note: Function class names must contain the string: '.functions.'
2024-10-16 19:22:40,170 INFO o.a.j.e.u.CompoundVariable: Note: Function class names must not contain the string: '.gui.'
2024-10-16 19:22:40,294 INFO o.a.j.JMeter: Running test (1729084960294)
2024-10-16 19:22:40,312 INFO o.a.j.e.StandardJMeterEngine: Starting ThreadGroup: 1 : Thread Group - Reqres
2024-10-16 19:22:40,312 INFO o.a.j.e.StandardJMeterEngine: Starting 10 threads for group Thread Group - Reqres.
2024-10-16 19:22:40,312 INFO o.a.j.e.StandardJMeterEngine: Thread will continue on error
2024-10-16 19:22:40,313 INFO o.a.j.t.ThreadGroup: Starting thread group... number=1 threads=10 ramp-up=1 delayedStart=false
2024-10-16 19:22:40,333 INFO o.a.j.t.ThreadGroup: Started thread group number 1
2024-10-16 19:22:40,333 INFO o.a.j.e.StandardJMeterEngine: All thread groups have been started
2024-10-16 19:22:40,402 INFO o.a.j.t.JMeterThread: Thread started: Thread Group - Reqres 1-1
2024-10-16 19:22:40,406 INFO o.a.j.s.FileServer: Stored: D:/Software/JMeter/apache-jmeter-5.6.3/bin/customers.csv
2024-10-16 19:22:40,496 INFO o.a.j.t.JMeterThread: Thread started: Thread Group - Reqres 1-2
2024-10-16 19:22:40,555 INFO o.a.j.p.h.s.HTTPHCAbstractImpl: Local host = NIAZLAP
2024-10-16 19:22:40,567 INFO o.a.j.p.h.s.HTTPHC4Impl: HTTP request retry count = 0
2024-10-16 19:22:40,569 INFO o.a.j.s.SampleResult: Note: Sample TimeStamps are START times
2024-10-16 19:22:40,569 INFO o.a.j.s.SampleResult: sampleresult.default.encoding is set to UTF-8
2024-10-16 19:22:40,569 INFO o.a.j.s.SampleResult: sampleresult.useNanoTime=true
2024-10-16 19:22:40,569 INFO o.a.j.s.SampleResult: sampleresult.nanoThreadSleep=5000
2024-10-16 19:22:40,593 INFO o.a.j.t.JMeterThread: Thread started: Thread Group - Reqres 1-3
2024-10-16 19:22:40,693 INFO o.a.j.t.JMeterThread: Thread started: Thread Group - Reqres 1-4
2024-10-16 19:22:40,792 INFO o.a.j.t.JMeterThread: Thread started: Thread Group - Reqres 1-5
2024-10-16 19:22:40,816 INFO o.a.j.p.h.s.h.LazyLayeredConnectionSocketFactory: Setting up HTTPS TrustAll Socket Factory
2024-10-16 19:22:40,837 INFO o.a.j.u.JsseSSLManager: Using default SSL protocol: TLS
2024-10-16 19:22:40,837 INFO o.a.j.u.JsseSSLManager: SSL session context: per-thread
2024-10-16 19:22:40,892 INFO o.a.j.t.JMeterThread: Thread started: Thread Group - Reqres 1-6
2024-10-16 19:22:40,988 INFO o.a.j.t.JMeterThread: Thread started: Thread Group - Reqres 1-7
2024-10-16 19:22:41,062 INFO o.a.j.u.SSLManager: JmeterKeyStore Location:  type JKS
2024-10-16 19:22:41,077 INFO o.a.j.u.SSLManager: KeyStore created OK
2024-10-16 19:22:41,077 WARN o.a.j.u.SSLManager: Keystore file not found, loading empty keystore
2024-10-16 19:22:41,090 INFO o.a.j.t.JMeterThread: Thread started: Thread Group - Reqres 1-8
2024-10-16 19:22:41,186 INFO o.a.j.t.JMeterThread: Thread started: Thread Group - Reqres 1-9
2024-10-16 19:22:41,285 INFO o.a.j.t.JMeterThread: Thread started: Thread Group - Reqres 1-10
2024-10-16 19:22:46,893 INFO o.a.j.p.h.p.BaseParser: Created org.apache.jmeter.protocol.http.parser.LagartoBasedHtmlParser
2024-10-16 19:22:46,893 INFO o.a.j.p.h.p.BaseParser: Created org.apache.jmeter.protocol.http.parser.LagartoBasedHtmlParser
2024-10-16 19:22:47,569 INFO o.a.j.p.h.p.BaseParser: Created org.apache.jmeter.protocol.http.parser.CssParser
2024-10-16 19:22:47,957 WARN c.h.c.r.e.LoggingCSSParseErrorHandler: Browser compliant mode skipped CSS from [1:34707] starting at token 'where(' until [1:34836] to token '}' (based on com.helger.css.parser.ParseException: Encountered unexpected token: "." "."
    at line 1, column 34713.

Was expecting one of:

    ")"
    "+"
    "-"
    "["
    "and"
    "expression("
    "from"
    "inherit"
    "not"
    "only"
    "or"
    "to"
    <ANGLE_DEG>
    <ANGLE_GRAD>
    <ANGLE_RAD>
    <ANGLE_TURN>
    <CH>
    <DPCM>
    <DPI>
    <DPPX>
    <EM>
    <EX>
    <FR>
    <FREQ_HZ>
    <FREQ_KHZ>
    <FUNCTION>
    <FUNCTION_CALC>
    <HASH>
    <IDENT>
    <LENGTH_CM>
    <LENGTH_IN>
    <LENGTH_MM>
    <LENGTH_PC>
    <LENGTH_PT>
    <LENGTH_Q>
    <NUMBER>
    <PERCENTAGE>
    <PX>
    <REM>
    <S>
    <STRING1>
    <STRING2>
    <TIME_MS>
    <TIME_S>
    <URANGE>
    <URL>
    <VH>
    <VMAX>
    <VMIN>
    <VW>
)
2024-10-16 19:22:47,958 WARN c.h.c.r.e.LoggingCSSParseErrorHandler: Browser compliant mode skipped CSS from [1:34838] starting at token 'where(' until [1:35005] to token '}' (based on com.helger.css.parser.ParseException: Encountered unexpected token: "." "."
    at line 1, column 34844.

Was expecting one of:

    ")"
    "+"
    "-"
    "["
    "and"
    "expression("
    "from"
    "inherit"
    "not"
    "only"
    "or"
    "to"
    <ANGLE_DEG>
    <ANGLE_GRAD>
    <ANGLE_RAD>
    <ANGLE_TURN>
    <CH>
    <DPCM>
    <DPI>
    <DPPX>
    <EM>
    <EX>
    <FR>
    <FREQ_HZ>
    <FREQ_KHZ>
    <FUNCTION>
    <FUNCTION_CALC>
    <HASH>
    <IDENT>
    <LENGTH_CM>
    <LENGTH_IN>
    <LENGTH_MM>
    <LENGTH_PC>
    <LENGTH_PT>
    <LENGTH_Q>
    <NUMBER>
    <PERCENTAGE>
    <PX>
    <REM>
    <S>
    <STRING1>
    <STRING2>
    <TIME_MS>
    <TIME_S>
    <URANGE>
    <URL>
    <VH>
    <VMAX>
    <VMIN>
    <VW>
)
2024-10-16 19:22:47,959 WARN c.h.c.r.e.LoggingCSSParseErrorHandler: Browser compliant mode skipped CSS from [1:35183] starting at token 'where(' until [1:35318] to token '}' (based on com.helger.css.parser.ParseException: Encountered unexpected token: "." "."
    at line 1, column 35189.

Was expecting one of:

    ")"
    "+"
    "-"
    "["
    "and"
    "expression("
    "from"
    "inherit"
    "not"
    "only"
    "or"
    "to"
    <ANGLE_DEG>
    <ANGLE_GRAD>
    <ANGLE_RAD>
    <ANGLE_TURN>
    <CH>
    <DPCM>
    <DPI>
    <DPPX>
    <EM>
    <EX>
    <FR>
    <FREQ_HZ>
    <FREQ_KHZ>
    <FUNCTION>
    <FUNCTION_CALC>
    <HASH>
    <IDENT>
    <LENGTH_CM>
    <LENGTH_IN>
    <LENGTH_MM>
    <LENGTH_PC>
    <LENGTH_PT>
    <LENGTH_Q>
    <NUMBER>
    <PERCENTAGE>
    <PX>
    <REM>
    <S>
    <STRING1>
    <STRING2>
    <TIME_MS>
    <TIME_S>
    <URANGE>
    <URL>
    <VH>
    <VMAX>
    <VMIN>
    <VW>
)
2024-10-16 19:22:47,960 WARN c.h.c.r.e.LoggingCSSParseErrorHandler: Browser compliant mode skipped CSS from [1:35320] starting at token 'where(' until [1:35493] to token '}' (based on com.helger.css.parser.ParseException: Encountered unexpected token: "." "."
    at line 1, column 35326.

Was expecting one of:

    ")"
    "+"
    "-"
    "["
    "and"
    "expression("
    "from"
    "inherit"
    "not"
    "only"
    "or"
    "to"
    <ANGLE_DEG>
    <ANGLE_GRAD>
    <ANGLE_RAD>
    <ANGLE_TURN>
    <CH>
    <DPCM>
    <DPI>
    <DPPX>
    <EM>
    <EX>
    <FR>
    <FREQ_HZ>
    <FREQ_KHZ>
    <FUNCTION>
    <FUNCTION_CALC>
    <HASH>
    <IDENT>
    <LENGTH_CM>
    <LENGTH_IN>
    <LENGTH_MM>
    <LENGTH_PC>
    <LENGTH_PT>
    <LENGTH_Q>
    <NUMBER>
    <PERCENTAGE>
    <PX>
    <REM>
    <S>
    <STRING1>
    <STRING2>
    <TIME_MS>
    <TIME_S>
    <URANGE>
    <URL>
    <VH>
    <VMAX>
    <VMIN>
    <VW>
)
2024-10-16 19:22:47,960 WARN c.h.c.r.e.LoggingCSSParseErrorHandler: Browser compliant mode skipped CSS from [1:35679] starting at token 'where(' until [1:35808] to token '}' (based on com.helger.css.parser.ParseException: Encountered unexpected token: "." "."
    at line 1, column 35685.

Was expecting one of:

    ")"
    "+"
    "-"
    "["
    "and"
    "expression("
    "from"
    "inherit"
    "not"
    "only"
    "or"
    "to"
    <ANGLE_DEG>
    <ANGLE_GRAD>
    <ANGLE_RAD>
    <ANGLE_TURN>
    <CH>
    <DPCM>
    <DPI>
    <DPPX>
    <EM>
    <EX>
    <FR>
    <FREQ_HZ>
    <FREQ_KHZ>
    <FUNCTION>
    <FUNCTION_CALC>
    <HASH>
    <IDENT>
    <LENGTH_CM>
    <LENGTH_IN>
    <LENGTH_MM>
    <LENGTH_PC>
    <LENGTH_PT>
    <LENGTH_Q>
    <NUMBER>
    <PERCENTAGE>
    <PX>
    <REM>
    <S>
    <STRING1>
    <STRING2>
    <TIME_MS>
    <TIME_S>
    <URANGE>
    <URL>
    <VH>
    <VMAX>
    <VMIN>
    <VW>
)
2024-10-16 19:22:47,961 WARN c.h.c.r.e.LoggingCSSParseErrorHandler: Browser compliant mode skipped CSS from [1:35810] starting at token 'where(' until [1:35977] to token '}' (based on com.helger.css.parser.ParseException: Encountered unexpected token: "." "."
    at line 1, column 35816.

Was expecting one of:

    ")"
    "+"
    "-"
    "["
    "and"
    "expression("
    "from"
    "inherit"
    "not"
    "only"
    "or"
    "to"
    <ANGLE_DEG>
    <ANGLE_GRAD>
    <ANGLE_RAD>
    <ANGLE_TURN>
    <CH>
    <DPCM>
    <DPI>
    <DPPX>
    <EM>
    <EX>
    <FR>
    <FREQ_HZ>
    <FREQ_KHZ>
    <FUNCTION>
    <FUNCTION_CALC>
    <HASH>
    <IDENT>
    <LENGTH_CM>
    <LENGTH_IN>
    <LENGTH_MM>
    <LENGTH_PC>
    <LENGTH_PT>
    <LENGTH_Q>
    <NUMBER>
    <PERCENTAGE>
    <PX>
    <REM>
    <S>
    <STRING1>
    <STRING2>
    <TIME_MS>
    <TIME_S>
    <URANGE>
    <URL>
    <VH>
    <VMAX>
    <VMIN>
    <VW>
)
2024-10-16 19:22:47,962 WARN c.h.c.r.e.LoggingCSSParseErrorHandler: Browser compliant mode skipped CSS from [1:36155] starting at token 'where(' until [1:36275] to token '}' (based on com.helger.css.parser.ParseException: Encountered unexpected token: "." "."
    at line 1, column 36161.

Was expecting one of:

    ")"
    "+"
    "-"
    "["
    "and"
    "expression("
    "from"
    "inherit"
    "not"
    "only"
    "or"
    "to"
    <ANGLE_DEG>
    <ANGLE_GRAD>
    <ANGLE_RAD>
    <ANGLE_TURN>
    <CH>
    <DPCM>
    <DPI>
    <DPPX>
    <EM>
    <EX>
    <FR>
    <FREQ_HZ>
    <FREQ_KHZ>
    <FUNCTION>
    <FUNCTION_CALC>
    <HASH>
    <IDENT>
    <LENGTH_CM>
    <LENGTH_IN>
    <LENGTH_MM>
    <LENGTH_PC>
    <LENGTH_PT>
    <LENGTH_Q>
    <NUMBER>
    <PERCENTAGE>
    <PX>
    <REM>
    <S>
    <STRING1>
    <STRING2>
    <TIME_MS>
    <TIME_S>
    <URANGE>
    <URL>
    <VH>
    <VMAX>
    <VMIN>
    <VW>
)
2024-10-16 19:22:47,963 WARN c.h.c.r.e.LoggingCSSParseErrorHandler: Browser compliant mode skipped CSS from [1:36277] starting at token 'where(' until [1:36435] to token '}' (based on com.helger.css.parser.ParseException: Encountered unexpected token: "." "."
    at line 1, column 36283.

Was expecting one of:

    ")"
    "+"
    "-"
    "["
    "and"
    "expression("
    "from"
    "inherit"
    "not"
    "only"
    "or"
    "to"
    <ANGLE_DEG>
    <ANGLE_GRAD>
    <ANGLE_RAD>
    <ANGLE_TURN>
    <CH>
    <DPCM>
    <DPI>
    <DPPX>
    <EM>
    <EX>
    <FR>
    <FREQ_HZ>
    <FREQ_KHZ>
    <FUNCTION>
    <FUNCTION_CALC>
    <HASH>
    <IDENT>
    <LENGTH_CM>
    <LENGTH_IN>
    <LENGTH_MM>
    <LENGTH_PC>
    <LENGTH_PT>
    <LENGTH_Q>
    <NUMBER>
    <PERCENTAGE>
    <PX>
    <REM>
    <S>
    <STRING1>
    <STRING2>
    <TIME_MS>
    <TIME_S>
    <URANGE>
    <URL>
    <VH>
    <VMAX>
    <VMIN>
    <VW>
)
2024-10-16 19:22:47,964 WARN c.h.c.r.e.LoggingCSSParseErrorHandler: Browser compliant mode skipped CSS from [1:36601] starting at token 'where(' until [1:36730] to token '}' (based on com.helger.css.parser.ParseException: Encountered unexpected token: "." "."
    at line 1, column 36607.

Was expecting one of:

    ")"
    "+"
    "-"
    "["
    "and"
    "expression("
    "from"
    "inherit"
    "not"
    "only"
    "or"
    "to"
    <ANGLE_DEG>
    <ANGLE_GRAD>
    <ANGLE_RAD>
    <ANGLE_TURN>
    <CH>
    <DPCM>
    <DPI>
    <DPPX>
    <EM>
    <EX>
    <FR>
    <FREQ_HZ>
    <FREQ_KHZ>
    <FUNCTION>
    <FUNCTION_CALC>
    <HASH>
    <IDENT>
    <LENGTH_CM>
    <LENGTH_IN>
    <LENGTH_MM>
    <LENGTH_PC>
    <LENGTH_PT>
    <LENGTH_Q>
    <NUMBER>
    <PERCENTAGE>
    <PX>
    <REM>
    <S>
    <STRING1>
    <STRING2>
    <TIME_MS>
    <TIME_S>
    <URANGE>
    <URL>
    <VH>
    <VMAX>
    <VMIN>
    <VW>
)
2024-10-16 19:22:47,965 WARN c.h.c.r.e.LoggingCSSParseErrorHandler: Browser compliant mode skipped CSS from [1:36732] starting at token 'where(' until [1:36899] to token '}' (based on com.helger.css.parser.ParseException: Encountered unexpected token: "." "."
    at line 1, column 36738.

Was expecting one of:

    ")"
    "+"
    "-"
    "["
    "and"
    "expression("
    "from"
    "inherit"
    "not"
    "only"
    "or"
    "to"
    <ANGLE_DEG>
    <ANGLE_GRAD>
    <ANGLE_RAD>
    <ANGLE_TURN>
    <CH>
    <DPCM>
    <DPI>
    <DPPX>
    <EM>
    <EX>
    <FR>
    <FREQ_HZ>
    <FREQ_KHZ>
    <FUNCTION>
    <FUNCTION_CALC>
    <HASH>
    <IDENT>
    <LENGTH_CM>
    <LENGTH_IN>
    <LENGTH_MM>
    <LENGTH_PC>
    <LENGTH_PT>
    <LENGTH_Q>
    <NUMBER>
    <PERCENTAGE>
    <PX>
    <REM>
    <S>
    <STRING1>
    <STRING2>
    <TIME_MS>
    <TIME_S>
    <URANGE>
    <URL>
    <VH>
    <VMAX>
    <VMIN>
    <VW>
)
2024-10-16 19:22:47,965 WARN c.h.c.r.e.LoggingCSSParseErrorHandler: Browser compliant mode skipped CSS from [1:37077] starting at token 'where(' until [1:37203] to token '}' (based on com.helger.css.parser.ParseException: Encountered unexpected token: "." "."
    at line 1, column 37083.

Was expecting one of:

    ")"
    "+"
    "-"
    "["
    "and"
    "expression("
    "from"
    "inherit"
    "not"
    "only"
    "or"
    "to"
    <ANGLE_DEG>
    <ANGLE_GRAD>
    <ANGLE_RAD>
    <ANGLE_TURN>
    <CH>
    <DPCM>
    <DPI>
    <DPPX>
    <EM>
    <EX>
    <FR>
    <FREQ_HZ>
    <FREQ_KHZ>
    <FUNCTION>
    <FUNCTION_CALC>
    <HASH>
    <IDENT>
    <LENGTH_CM>
    <LENGTH_IN>
    <LENGTH_MM>
    <LENGTH_PC>
    <LENGTH_PT>
    <LENGTH_Q>
    <NUMBER>
    <PERCENTAGE>
    <PX>
    <REM>
    <S>
    <STRING1>
    <STRING2>
    <TIME_MS>
    <TIME_S>
    <URANGE>
    <URL>
    <VH>
    <VMAX>
    <VMIN>
    <VW>
)
2024-10-16 19:22:47,966 WARN c.h.c.r.e.LoggingCSSParseErrorHandler: Browser compliant mode skipped CSS from [1:37205] starting at token 'where(' until [1:37369] to token '}' (based on com.helger.css.parser.ParseException: Encountered unexpected token: "." "."
    at line 1, column 37211.

Was expecting one of:

    ")"
    "+"
    "-"
    "["
    "and"
    "expression("
    "from"
    "inherit"
    "not"
    "only"
    "or"
    "to"
    <ANGLE_DEG>
    <ANGLE_GRAD>
    <ANGLE_RAD>
    <ANGLE_TURN>
    <CH>
    <DPCM>
    <DPI>
    <DPPX>
    <EM>
    <EX>
    <FR>
    <FREQ_HZ>
    <FREQ_KHZ>
    <FUNCTION>
    <FUNCTION_CALC>
    <HASH>
    <IDENT>
    <LENGTH_CM>
    <LENGTH_IN>
    <LENGTH_MM>
    <LENGTH_PC>
    <LENGTH_PT>
    <LENGTH_Q>
    <NUMBER>
    <PERCENTAGE>
    <PX>
    <REM>
    <S>
    <STRING1>
    <STRING2>
    <TIME_MS>
    <TIME_S>
    <URANGE>
    <URL>
    <VH>
    <VMAX>
    <VMIN>
    <VW>
)
2024-10-16 19:22:48,008 WARN c.h.c.r.e.LoggingCSSParseErrorHandler: Browser compliant mode skipped CSS from [1:56888] starting at token ' ' until [1:56962] to token '}' (based on com.helger.css.parser.ParseException: Encountered unexpected token: "selector(" <FUNCTION>
    at line 1, column 56889.

Was expecting one of:

    "("
    "not"
    <S>
)
2024-10-16 19:22:48,043 WARN c.h.c.r.e.LoggingCSSParseErrorHandler: Browser compliant mode skipped CSS from [1:69459] starting at token 'where(' until [1:69517] to token '}' (based on com.helger.css.parser.ParseException: Encountered unexpected token: ":" ":"
    at line 1, column 69465.

Was expecting one of:

    ")"
    "+"
    "-"
    "["
    "and"
    "expression("
    "from"
    "inherit"
    "not"
    "only"
    "or"
    "to"
    <ANGLE_DEG>
    <ANGLE_GRAD>
    <ANGLE_RAD>
    <ANGLE_TURN>
    <CH>
    <DPCM>
    <DPI>
    <DPPX>
    <EM>
    <EX>
    <FR>
    <FREQ_HZ>
    <FREQ_KHZ>
    <FUNCTION>
    <FUNCTION_CALC>
    <HASH>
    <IDENT>
    <LENGTH_CM>
    <LENGTH_IN>
    <LENGTH_MM>
    <LENGTH_PC>
    <LENGTH_PT>
    <LENGTH_Q>
    <NUMBER>
    <PERCENTAGE>
    <PX>
    <REM>
    <S>
    <STRING1>
    <STRING2>
    <TIME_MS>
    <TIME_S>
    <URANGE>
    <URL>
    <VH>
    <VMAX>
    <VMIN>
    <VW>
)
2024-10-16 19:22:48,045 WARN c.h.c.r.e.LoggingCSSParseErrorHandler: Browser compliant mode skipped CSS from [1:69526] starting at token 'data-theme' until [1:69589] to token '}' (based on com.helger.css.parser.ParseException: Encountered unexpected token: "=" "="
    at line 1, column 69536.

Was expecting one of:

    "]"
    <S>
)
2024-10-16 19:22:48,906 INFO o.a.j.t.JMeterThread: Thread is done: Thread Group - Reqres 1-6
2024-10-16 19:22:48,906 INFO o.a.j.t.JMeterThread: Thread finished: Thread Group - Reqres 1-6
2024-10-16 19:22:49,053 INFO o.a.j.t.JMeterThread: Thread is done: Thread Group - Reqres 1-4
2024-10-16 19:22:49,054 INFO o.a.j.t.JMeterThread: Thread finished: Thread Group - Reqres 1-4
2024-10-16 19:22:49,532 INFO o.a.j.t.JMeterThread: Thread is done: Thread Group - Reqres 1-8
2024-10-16 19:22:49,532 INFO o.a.j.t.JMeterThread: Thread finished: Thread Group - Reqres 1-8
2024-10-16 19:22:49,675 INFO o.a.j.t.JMeterThread: Thread is done: Thread Group - Reqres 1-9
2024-10-16 19:22:49,675 INFO o.a.j.t.JMeterThread: Thread finished: Thread Group - Reqres 1-9
2024-10-16 19:22:49,852 INFO o.a.j.t.JMeterThread: Thread is done: Thread Group - Reqres 1-3
2024-10-16 19:22:49,852 INFO o.a.j.t.JMeterThread: Thread finished: Thread Group - Reqres 1-3
2024-10-16 19:22:49,948 INFO o.a.j.t.JMeterThread: Thread is done: Thread Group - Reqres 1-1
2024-10-16 19:22:49,948 INFO o.a.j.t.JMeterThread: Thread finished: Thread Group - Reqres 1-1
2024-10-16 19:22:49,981 INFO o.a.j.t.JMeterThread: Thread is done: Thread Group - Reqres 1-2
2024-10-16 19:22:49,981 INFO o.a.j.t.JMeterThread: Thread finished: Thread Group - Reqres 1-2
2024-10-16 19:22:50,054 INFO o.a.j.t.JMeterThread: Thread is done: Thread Group - Reqres 1-5
2024-10-16 19:22:50,055 INFO o.a.j.t.JMeterThread: Thread finished: Thread Group - Reqres 1-5
2024-10-16 19:22:50,077 INFO o.a.j.t.JMeterThread: Thread is done: Thread Group - Reqres 1-10
2024-10-16 19:22:50,077 INFO o.a.j.t.JMeterThread: Thread finished: Thread Group - Reqres 1-10
2024-10-16 19:22:50,340 INFO o.a.j.t.JMeterThread: Thread is done: Thread Group - Reqres 1-7
2024-10-16 19:22:50,340 INFO o.a.j.t.JMeterThread: Thread finished: Thread Group - Reqres 1-7
2024-10-16 19:22:50,344 INFO o.a.j.e.StandardJMeterEngine: Notifying test listeners of end of test
2024-10-16 19:22:50,344 INFO o.a.j.s.FileServer: Close: D:/Software/JMeter/apache-jmeter-5.6.3/bin/customers.csv
2024-10-16 19:22:50,349 INFO o.a.j.r.Summariser: summary =    110 in 00:00:10 =   10.9/s Avg:   693 Min:   338 Max:  3657 Err:    20 (18.18%)
2024-10-16 19:22:50,351 INFO o.a.j.JMeter: Generating Dashboard
2024-10-16 19:22:50,351 INFO o.a.j.r.d.ReportGenerator: Flushing result collector before report Generation
2024-10-16 19:22:50,410 INFO o.a.j.r.p.NormalizerSampleConsumer: Using format, 'ms', to parse timeStamp field
2024-10-16 19:22:50,669 INFO o.a.j.r.p.AbstractSampleConsumer: class org.apache.jmeter.report.processor.AggregateConsumer#stopProducing(): beginDate produced 0 samples
2024-10-16 19:22:50,669 INFO o.a.j.r.p.AbstractSampleConsumer: class org.apache.jmeter.report.processor.AggregateConsumer#stopProducing(): endDate produced 0 samples
2024-10-16 19:22:50,683 INFO o.a.j.r.p.AbstractSampleConsumer: class org.apache.jmeter.report.processor.ApdexSummaryConsumer#stopProducing(): apdexSummary produced 0 samples
2024-10-16 19:22:50,683 INFO o.a.j.r.p.AbstractSampleConsumer: class org.apache.jmeter.report.processor.RequestsSummaryConsumer#stopProducing(): requestsSummary produced 0 samples
2024-10-16 19:22:50,701 INFO o.a.j.r.p.AbstractSampleConsumer: class org.apache.jmeter.report.processor.StatisticsSummaryConsumer#stopProducing(): statisticsSummary produced 0 samples
2024-10-16 19:22:50,704 INFO o.a.j.r.p.AbstractSampleConsumer: class org.apache.jmeter.report.processor.Top5ErrorsBySamplerConsumer#stopProducing(): top5ErrorsBySampler produced 0 samples
2024-10-16 19:22:50,704 INFO o.a.j.r.p.AbstractSampleConsumer: class org.apache.jmeter.report.processor.ErrorsSummaryConsumer#stopProducing(): errorsSummary produced 0 samples
2024-10-16 19:22:50,705 INFO o.a.j.r.p.AbstractSampleConsumer: class org.apache.jmeter.report.processor.graph.impl.HitsPerSecondGraphConsumer#stopProducing(): hitsPerSecond produced 0 samples
2024-10-16 19:22:50,770 INFO o.a.j.r.p.AbstractSampleConsumer: class org.apache.jmeter.report.processor.graph.impl.LatencyVSRequestGraphConsumer#stopProducing(): latencyVsRequest produced 0 samples
2024-10-16 19:22:50,771 INFO o.a.j.r.p.AbstractSampleConsumer: class org.apache.jmeter.report.processor.graph.impl.SyntheticResponseTimeDistributionGraphConsumer#stopProducing(): syntheticResponseTimeDistribution produced 0 samples
2024-10-16 19:22:50,774 INFO o.a.j.r.p.AbstractSampleConsumer: class org.apache.jmeter.report.processor.graph.impl.BytesThroughputGraphConsumer#stopProducing(): bytesThroughputOverTime produced 0 samples
2024-10-16 19:22:50,774 INFO o.a.j.r.p.AbstractSampleConsumer: class org.apache.jmeter.report.processor.graph.impl.CodesPerSecondGraphConsumer#stopProducing(): codesPerSecond produced 0 samples
2024-10-16 19:22:50,808 INFO o.a.j.r.p.AbstractSampleConsumer: class org.apache.jmeter.report.processor.graph.impl.ResponseTimeVSRequestGraphConsumer#stopProducing(): responseTimeVsRequest produced 0 samples
2024-10-16 19:22:50,809 INFO o.a.j.r.p.AbstractSampleConsumer: class org.apache.jmeter.report.processor.FilterConsumer#stopProducing(): startIntervalControlerFilter produced 1120 samples
2024-10-16 19:22:50,809 INFO o.a.j.r.p.AbstractSampleConsumer: class org.apache.jmeter.report.processor.graph.impl.TotalTPSGraphConsumer#stopProducing(): totalTPS produced 0 samples
2024-10-16 19:22:50,809 INFO o.a.j.r.p.AbstractSampleConsumer: class org.apache.jmeter.report.processor.graph.impl.ActiveThreadsGraphConsumer#stopProducing(): activeThreadsOverTime produced 0 samples
2024-10-16 19:22:50,810 INFO o.a.j.r.p.AbstractSampleConsumer: class org.apache.jmeter.report.processor.graph.impl.TimeVSThreadGraphConsumer#stopProducing(): timeVsThreads produced 0 samples
2024-10-16 19:22:50,811 INFO o.a.j.r.p.AbstractSampleConsumer: class org.apache.jmeter.report.processor.graph.impl.ResponseTimeDistributionGraphConsumer#stopProducing(): responseTimeDistribution produced 0 samples
2024-10-16 19:22:50,812 INFO o.a.j.r.p.AbstractSampleConsumer: class org.apache.jmeter.report.processor.graph.impl.TransactionsPerSecondGraphConsumer#stopProducing(): transactionsPerSecond produced 0 samples
2024-10-16 19:22:50,813 INFO o.a.j.r.p.AbstractSampleConsumer: class org.apache.jmeter.report.processor.graph.impl.ResponseTimePercentilesGraphConsumer#stopProducing(): responseTimePercentiles produced 0 samples
2024-10-16 19:22:50,827 INFO o.a.j.r.p.AbstractSampleConsumer: class org.apache.jmeter.report.processor.graph.impl.ResponseTimePercentilesOverTimeGraphConsumer#stopProducing(): responseTimePercentilesOverTime produced 0 samples
2024-10-16 19:22:50,828 INFO o.a.j.r.p.AbstractSampleConsumer: class org.apache.jmeter.report.processor.graph.impl.ResponseTimeOverTimeGraphConsumer#stopProducing(): responseTimesOverTime produced 0 samples
2024-10-16 19:22:50,828 INFO o.a.j.r.p.AbstractSampleConsumer: class org.apache.jmeter.report.processor.graph.impl.ConnectTimeOverTimeGraphConsumer#stopProducing(): connectTimeOverTime produced 0 samples
2024-10-16 19:22:50,829 INFO o.a.j.r.p.AbstractSampleConsumer: class org.apache.jmeter.report.processor.graph.impl.LatencyOverTimeGraphConsumer#stopProducing(): latenciesOverTime produced 0 samples
2024-10-16 19:22:50,829 INFO o.a.j.r.p.AbstractSampleConsumer: class org.apache.jmeter.report.processor.FilterConsumer#stopProducing(): nameFilter produced 2400 samples
2024-10-16 19:22:50,829 INFO o.a.j.r.p.AbstractSampleConsumer: class org.apache.jmeter.report.processor.FilterConsumer#stopProducing(): dateRangeFilter produced 480 samples
2024-10-16 19:22:50,830 INFO o.a.j.r.p.AbstractSampleConsumer: class org.apache.jmeter.report.processor.NormalizerSampleConsumer#stopProducing(): normalizer produced 160 samples
2024-10-16 19:22:50,832 INFO o.a.j.r.p.CsvFileSampleSource: produce(): 160 samples produced in 352ms on channel 0
2024-10-16 19:22:50,832 INFO o.a.j.r.d.ReportGenerator: Exporting data using exporter:'json' of className:'org.apache.jmeter.report.dashboard.JsonExporter'
2024-10-16 19:22:51,031 INFO o.a.j.r.d.JsonExporter: Found data for consumer statisticsSummaryÂ in context
2024-10-16 19:22:51,032 INFO o.a.j.r.d.JsonExporter: Creating statistics for overall
2024-10-16 19:22:51,033 INFO o.a.j.r.d.JsonExporter: Creating statistics for other transactions
2024-10-16 19:22:51,034 INFO o.a.j.r.d.JsonExporter: Checking output folder
2024-10-16 19:22:51,035 INFO o.a.j.r.d.JsonExporter: Writing statistics JSON to D:\Software\JMeter\apache-jmeter-5.6.3\bin\command lines\Reports\statistics.json
2024-10-16 19:22:51,141 INFO o.a.j.r.d.ReportGenerator: Exporting data using exporter:'html' of className:'org.apache.jmeter.report.dashboard.HtmlTemplateExporter'
2024-10-16 19:22:51,146 INFO o.a.j.r.d.HtmlTemplateExporter: Will generate dashboard in folder: D:\Software\JMeter\apache-jmeter-5.6.3\bin\command lines\Reports
2024-10-16 19:22:51,613 INFO o.a.j.r.d.HtmlTemplateExporter: Report will be generated in: D:\Software\JMeter\apache-jmeter-5.6.3\bin\command lines\Reports, creating folder structure
2024-10-16 19:22:51,620 INFO o.a.j.r.d.TemplateVisitor: Copying folder from 'D:\Software\JMeter\apache-jmeter-5.6.3\bin\report-template' to 'D:\Software\JMeter\apache-jmeter-5.6.3\bin\command lines\Reports', got message: D:\Software\JMeter\apache-jmeter-5.6.3\bin\command lines\Reports, found non empty folder with following content [D:\Software\JMeter\apache-jmeter-5.6.3\bin\command lines\Reports\statistics.json], will be ignored
2024-10-16 19:22:52,332 INFO o.a.j.JMeter: Dashboard generated
